{"@t":"2025-11-06T11:26:42.3483041Z","@mt":"Test {TestName} failed, screenshot saved to {Screenshot}","@l":"Error","@x":"Xunit.Sdk.ContainsException: Assert.Contains() Failure: Sub-string not found\r\nString:    \"Epic sadface: Username and password do no\"···\r\nNot found: \"Password is required\"\r\n   at Xunit.Assert.Contains(String expectedSubstring, String actualString, StringComparison comparisonType) in /_/src/xunit.assert/Asserts/StringAsserts.cs:line 66\r\n   at Xunit.Assert.Contains(String expectedSubstring, String actualString) in /_/src/xunit.assert/Asserts/StringAsserts.cs:line 45\r\n   at TestLayer.Tests.LoginTests.<UC2_Login_MissingPassword_ShowsPasswordRequired>b__4_0() in C:\\Users\\alocomputers\\AT_FinalTask\\TestLayer\\Tests\\LoginTests.cs:line 53\r\n   at TestLayer.Fixtures.TestBase.ExecuteTest(Action testAction, String testName) in C:\\Users\\alocomputers\\AT_FinalTask\\TestLayer\\Fixtures\\TestBase.cs:line 28","TestName":"UC2_Login_MissingPassword_ShowsPasswordRequired","Screenshot":"C:\\Users\\alocomputers\\AT_FinalTask\\TestLayer\\bin\\Debug\\net9.0\\screenshots\\UC2_Login_MissingPassword_ShowsPasswordRequired_20251106_112642286.png","App":"SauceDemoTests"}
{"@t":"2025-11-06T11:30:54.8314519Z","@mt":"Test {TestName} failed, screenshot saved to {Screenshot}","@l":"Error","@x":"Xunit.Sdk.ContainsException: Assert.Contains() Failure: Sub-string not found\r\nString:    \"Epic sadface: Username and password do no\"···\r\nNot found: \"Epic sadface: Username is required\"\r\n   at Xunit.Assert.Contains(String expectedSubstring, String actualString, StringComparison comparisonType) in /_/src/xunit.assert/Asserts/StringAsserts.cs:line 66\r\n   at Xunit.Assert.Contains(String expectedSubstring, String actualString) in /_/src/xunit.assert/Asserts/StringAsserts.cs:line 45\r\n   at TestLayer.Tests.LoginTests.<UC1_Login_EmptyCredentials_ShowsUsernameRequired>b__3_0() in C:\\Users\\alocomputers\\AT_FinalTask\\TestLayer\\Tests\\LoginTests.cs:line 34\r\n   at TestLayer.Fixtures.TestBase.ExecuteTest(Action testAction, String testName) in C:\\Users\\alocomputers\\AT_FinalTask\\TestLayer\\Fixtures\\TestBase.cs:line 28","TestName":"UC1_Login_EmptyCredentials_ShowsUsernameRequired","Screenshot":"C:\\Users\\alocomputers\\AT_FinalTask\\TestLayer\\bin\\Debug\\net9.0\\screenshots\\UC1_Login_EmptyCredentials_ShowsUsernameRequired_20251106_113054767.png","App":"SauceDemoTests"}
{"@t":"2025-11-06T11:33:46.5759943Z","@mt":"Test {TestName} failed, screenshot saved to {Screenshot}","@l":"Error","@x":"Xunit.Sdk.ContainsException: Assert.Contains() Failure: Sub-string not found\r\nString:    \"Epic sadface: Username and password do no\"···\r\nNot found: \"Epic sadface: Password is required\"\r\n   at Xunit.Assert.Contains(String expectedSubstring, String actualString, StringComparison comparisonType) in /_/src/xunit.assert/Asserts/StringAsserts.cs:line 66\r\n   at Xunit.Assert.Contains(String expectedSubstring, String actualString) in /_/src/xunit.assert/Asserts/StringAsserts.cs:line 45\r\n   at TestLayer.Tests.LoginTests.<UC2_Login_MissingPassword_ShowsPasswordRequired>b__4_0() in C:\\Users\\alocomputers\\AT_FinalTask\\TestLayer\\Tests\\LoginTests.cs:line 53\r\n   at TestLayer.Fixtures.TestBase.ExecuteTest(Action testAction, String testName) in C:\\Users\\alocomputers\\AT_FinalTask\\TestLayer\\Fixtures\\TestBase.cs:line 28","TestName":"UC2_Login_MissingPassword_ShowsPasswordRequired","Screenshot":"C:\\Users\\alocomputers\\AT_FinalTask\\TestLayer\\bin\\Debug\\net9.0\\screenshots\\UC2_Login_MissingPassword_ShowsPasswordRequired_20251106_113346508.png","App":"SauceDemoTests"}
{"@t":"2025-11-06T11:42:05.0237764Z","@mt":"Test {TestName} failed, screenshot saved to {Screenshot}","@l":"Error","@x":"Xunit.Sdk.ContainsException: Assert.Contains() Failure: Sub-string not found\r\nString:    \"Epic sadface: Username and password do no\"···\r\nNot found: \"Epic sadface: Username is required\"\r\n   at Xunit.Assert.Contains(String expectedSubstring, String actualString, StringComparison comparisonType) in /_/src/xunit.assert/Asserts/StringAsserts.cs:line 66\r\n   at Xunit.Assert.Contains(String expectedSubstring, String actualString) in /_/src/xunit.assert/Asserts/StringAsserts.cs:line 45\r\n   at TestLayer.Tests.LoginTests.<UC1_Login_EmptyCredentials_ShowsUsernameRequired>b__3_0() in C:\\Users\\alocomputers\\AT_FinalTask\\TestLayer\\Tests\\LoginTests.cs:line 34\r\n   at TestLayer.Fixtures.TestBase.ExecuteTest(Action testAction, String testName) in C:\\Users\\alocomputers\\AT_FinalTask\\TestLayer\\Fixtures\\TestBase.cs:line 28","TestName":"UC1_Login_EmptyCredentials_ShowsUsernameRequired","Screenshot":"C:\\Users\\alocomputers\\AT_FinalTask\\TestLayer\\bin\\Debug\\net9.0\\screenshots\\UC1_Login_EmptyCredentials_ShowsUsernameRequired_20251106_114204951.png","App":"SauceDemoTests"}
{"@t":"2025-11-06T11:52:55.4700480Z","@mt":"Test {TestName} failed, screenshot saved to {Screenshot}","@l":"Error","@x":"Xunit.Sdk.ContainsException: Assert.Contains() Failure: Sub-string not found\r\nString:    \"Epic sadface: Username and password do no\"···\r\nNot found: \"Epic sadface: Username is required\"\r\n   at Xunit.Assert.Contains(String expectedSubstring, String actualString, StringComparison comparisonType) in /_/src/xunit.assert/Asserts/StringAsserts.cs:line 66\r\n   at Xunit.Assert.Contains(String expectedSubstring, String actualString) in /_/src/xunit.assert/Asserts/StringAsserts.cs:line 45\r\n   at TestLayer.Tests.LoginTests.<UC1_Login_EmptyCredentials_ShowsUsernameRequired>b__3_0() in C:\\Users\\alocomputers\\AT_FinalTask\\TestLayer\\Tests\\LoginTests.cs:line 35\r\n   at TestLayer.Fixtures.TestBase.ExecuteTest(Action testAction, String testName) in C:\\Users\\alocomputers\\AT_FinalTask\\TestLayer\\Fixtures\\TestBase.cs:line 28","TestName":"UC1_Login_EmptyCredentials_ShowsUsernameRequired","Screenshot":"C:\\Users\\alocomputers\\AT_FinalTask\\TestLayer\\bin\\Debug\\net9.0\\screenshots\\UC1_Login_EmptyCredentials_ShowsUsernameRequired_20251106_115255406.png","App":"SauceDemoTests"}
{"@t":"2025-11-06T11:54:27.5027740Z","@mt":"Test {TestName} failed, screenshot saved to {Screenshot}","@l":"Error","@x":"Xunit.Sdk.ContainsException: Assert.Contains() Failure: Sub-string not found\r\nString:    \"Epic sadface: Username and password do no\"···\r\nNot found: \"Epic sadface: Username is required\"\r\n   at Xunit.Assert.Contains(String expectedSubstring, String actualString, StringComparison comparisonType) in /_/src/xunit.assert/Asserts/StringAsserts.cs:line 66\r\n   at Xunit.Assert.Contains(String expectedSubstring, String actualString) in /_/src/xunit.assert/Asserts/StringAsserts.cs:line 45\r\n   at TestLayer.Tests.LoginTests.<UC1_Login_EmptyCredentials_ShowsUsernameRequired>b__3_0() in C:\\Users\\alocomputers\\AT_FinalTask\\TestLayer\\Tests\\LoginTests.cs:line 35\r\n   at TestLayer.Fixtures.TestBase.ExecuteTest(Action testAction, String testName) in C:\\Users\\alocomputers\\AT_FinalTask\\TestLayer\\Fixtures\\TestBase.cs:line 28","TestName":"UC1_Login_EmptyCredentials_ShowsUsernameRequired","Screenshot":"C:\\Users\\alocomputers\\AT_FinalTask\\TestLayer\\bin\\Debug\\net9.0\\screenshots\\UC1_Login_EmptyCredentials_ShowsUsernameRequired_20251106_115427430.png","App":"SauceDemoTests"}
{"@t":"2025-11-06T11:55:14.6337776Z","@mt":"Test {TestName} failed, screenshot saved to {Screenshot}","@l":"Error","@x":"Xunit.Sdk.ContainsException: Assert.Contains() Failure: Sub-string not found\r\nString:    \"Epic sadface: Username and password do no\"···\r\nNot found: \"Epic sadface: Username is required\"\r\n   at Xunit.Assert.Contains(String expectedSubstring, String actualString, StringComparison comparisonType) in /_/src/xunit.assert/Asserts/StringAsserts.cs:line 66\r\n   at Xunit.Assert.Contains(String expectedSubstring, String actualString) in /_/src/xunit.assert/Asserts/StringAsserts.cs:line 45\r\n   at TestLayer.Tests.LoginTests.<UC1_Login_EmptyCredentials_ShowsUsernameRequired>b__3_0() in C:\\Users\\alocomputers\\AT_FinalTask\\TestLayer\\Tests\\LoginTests.cs:line 35\r\n   at TestLayer.Fixtures.TestBase.ExecuteTest(Action testAction, String testName) in C:\\Users\\alocomputers\\AT_FinalTask\\TestLayer\\Fixtures\\TestBase.cs:line 28","TestName":"UC1_Login_EmptyCredentials_ShowsUsernameRequired","Screenshot":"C:\\Users\\alocomputers\\AT_FinalTask\\TestLayer\\bin\\Debug\\net9.0\\screenshots\\UC1_Login_EmptyCredentials_ShowsUsernameRequired_20251106_115514565.png","App":"SauceDemoTests"}
{"@t":"2025-11-06T11:56:08.2929856Z","@mt":"Test {TestName} failed, screenshot saved to {Screenshot}","@l":"Error","@x":"Xunit.Sdk.ContainsException: Assert.Contains() Failure: Sub-string not found\r\nString:    \"Epic sadface: Username and password do no\"···\r\nNot found: \"Epic sadface: Username is required\"\r\n   at Xunit.Assert.Contains(String expectedSubstring, String actualString, StringComparison comparisonType) in /_/src/xunit.assert/Asserts/StringAsserts.cs:line 66\r\n   at Xunit.Assert.Contains(String expectedSubstring, String actualString) in /_/src/xunit.assert/Asserts/StringAsserts.cs:line 45\r\n   at TestLayer.Tests.LoginTests.<UC1_Login_EmptyCredentials_ShowsUsernameRequired>b__3_0() in C:\\Users\\alocomputers\\AT_FinalTask\\TestLayer\\Tests\\LoginTests.cs:line 35\r\n   at TestLayer.Fixtures.TestBase.ExecuteTest(Action testAction, String testName) in C:\\Users\\alocomputers\\AT_FinalTask\\TestLayer\\Fixtures\\TestBase.cs:line 28","TestName":"UC1_Login_EmptyCredentials_ShowsUsernameRequired","Screenshot":"C:\\Users\\alocomputers\\AT_FinalTask\\TestLayer\\bin\\Debug\\net9.0\\screenshots\\UC1_Login_EmptyCredentials_ShowsUsernameRequired_20251106_115608230.png","App":"SauceDemoTests"}
{"@t":"2025-11-06T11:57:22.6374231Z","@mt":"Test {TestName} failed, screenshot saved to {Screenshot}","@l":"Error","@x":"Xunit.Sdk.ContainsException: Assert.Contains() Failure: Sub-string not found\r\nString:    \"Epic sadface: Username and password do no\"···\r\nNot found: \"Epic sadface: Username is required\"\r\n   at Xunit.Assert.Contains(String expectedSubstring, String actualString, StringComparison comparisonType) in /_/src/xunit.assert/Asserts/StringAsserts.cs:line 66\r\n   at Xunit.Assert.Contains(String expectedSubstring, String actualString) in /_/src/xunit.assert/Asserts/StringAsserts.cs:line 45\r\n   at TestLayer.Tests.LoginTests.<UC1_Login_EmptyCredentials_ShowsUsernameRequired>b__3_0() in C:\\Users\\alocomputers\\AT_FinalTask\\TestLayer\\Tests\\LoginTests.cs:line 35\r\n   at TestLayer.Fixtures.TestBase.ExecuteTest(Action testAction, String testName) in C:\\Users\\alocomputers\\AT_FinalTask\\TestLayer\\Fixtures\\TestBase.cs:line 28","TestName":"UC1_Login_EmptyCredentials_ShowsUsernameRequired","Screenshot":"C:\\Users\\alocomputers\\AT_FinalTask\\TestLayer\\bin\\Debug\\net9.0\\screenshots\\UC1_Login_EmptyCredentials_ShowsUsernameRequired_20251106_115722573.png","App":"SauceDemoTests"}
{"@t":"2025-11-06T11:57:45.1480954Z","@mt":"Test {TestName} failed, screenshot saved to {Screenshot}","@l":"Error","@x":"Xunit.Sdk.ContainsException: Assert.Contains() Failure: Sub-string not found\r\nString:    \"Epic sadface: Username and password do no\"···\r\nNot found: \"Epic sadface: Username is required\"\r\n   at Xunit.Assert.Contains(String expectedSubstring, String actualString, StringComparison comparisonType) in /_/src/xunit.assert/Asserts/StringAsserts.cs:line 66\r\n   at Xunit.Assert.Contains(String expectedSubstring, String actualString) in /_/src/xunit.assert/Asserts/StringAsserts.cs:line 45\r\n   at TestLayer.Tests.LoginTests.<UC1_Login_EmptyCredentials_ShowsUsernameRequired>b__3_0() in C:\\Users\\alocomputers\\AT_FinalTask\\TestLayer\\Tests\\LoginTests.cs:line 35\r\n   at TestLayer.Fixtures.TestBase.ExecuteTest(Action testAction, String testName) in C:\\Users\\alocomputers\\AT_FinalTask\\TestLayer\\Fixtures\\TestBase.cs:line 28","TestName":"UC1_Login_EmptyCredentials_ShowsUsernameRequired","Screenshot":"C:\\Users\\alocomputers\\AT_FinalTask\\TestLayer\\bin\\Debug\\net9.0\\screenshots\\UC1_Login_EmptyCredentials_ShowsUsernameRequired_20251106_115745022.png","App":"SauceDemoTests"}
{"@t":"2025-11-06T11:59:25.0563492Z","@mt":"Test {TestName} failed, screenshot saved to {Screenshot}","@l":"Error","@x":"Xunit.Sdk.ContainsException: Assert.Contains() Failure: Sub-string not found\r\nString:    \"Epic sadface: Username and password do no\"···\r\nNot found: \"Epic sadface: Username is required\"\r\n   at Xunit.Assert.Contains(String expectedSubstring, String actualString, StringComparison comparisonType) in /_/src/xunit.assert/Asserts/StringAsserts.cs:line 66\r\n   at Xunit.Assert.Contains(String expectedSubstring, String actualString) in /_/src/xunit.assert/Asserts/StringAsserts.cs:line 45\r\n   at TestLayer.Tests.LoginTests.<UC1_Login_EmptyCredentials_ShowsUsernameRequired>b__3_0() in C:\\Users\\alocomputers\\AT_FinalTask\\TestLayer\\Tests\\LoginTests.cs:line 35\r\n   at TestLayer.Fixtures.TestBase.ExecuteTest(Action testAction, String testName) in C:\\Users\\alocomputers\\AT_FinalTask\\TestLayer\\Fixtures\\TestBase.cs:line 28","TestName":"UC1_Login_EmptyCredentials_ShowsUsernameRequired","Screenshot":"C:\\Users\\alocomputers\\AT_FinalTask\\TestLayer\\bin\\Debug\\net9.0\\screenshots\\UC1_Login_EmptyCredentials_ShowsUsernameRequired_20251106_115924984.png","App":"SauceDemoTests"}
{"@t":"2025-11-06T12:01:40.1399542Z","@mt":"Test {TestName} failed, screenshot saved to {Screenshot}","@l":"Error","@x":"Xunit.Sdk.ContainsException: Assert.Contains() Failure: Sub-string not found\r\nString:    \"Epic sadface: Username and password do no\"···\r\nNot found: \"Epic sadface: Username is required\"\r\n   at Xunit.Assert.Contains(String expectedSubstring, String actualString, StringComparison comparisonType) in /_/src/xunit.assert/Asserts/StringAsserts.cs:line 66\r\n   at Xunit.Assert.Contains(String expectedSubstring, String actualString) in /_/src/xunit.assert/Asserts/StringAsserts.cs:line 45\r\n   at TestLayer.Tests.LoginTests.<UC1_Login_EmptyCredentials_ShowsUsernameRequired>b__3_0() in C:\\Users\\alocomputers\\AT_FinalTask\\TestLayer\\Tests\\LoginTests.cs:line 35\r\n   at TestLayer.Fixtures.TestBase.ExecuteTest(Action testAction, String testName) in C:\\Users\\alocomputers\\AT_FinalTask\\TestLayer\\Fixtures\\TestBase.cs:line 28","TestName":"UC1_Login_EmptyCredentials_ShowsUsernameRequired","Screenshot":"C:\\Users\\alocomputers\\AT_FinalTask\\TestLayer\\bin\\Debug\\net9.0\\screenshots\\UC1_Login_EmptyCredentials_ShowsUsernameRequired_20251106_120140067.png","App":"SauceDemoTests"}
{"@t":"2025-11-06T12:03:21.7152215Z","@mt":"Test {TestName} failed, screenshot saved to {Screenshot}","@l":"Error","@x":"Xunit.Sdk.ContainsException: Assert.Contains() Failure: Sub-string not found\r\nString:    \"Epic sadface: Username and password do no\"···\r\nNot found: \"Epic sadface: Username is required\"\r\n   at Xunit.Assert.Contains(String expectedSubstring, String actualString, StringComparison comparisonType) in /_/src/xunit.assert/Asserts/StringAsserts.cs:line 66\r\n   at Xunit.Assert.Contains(String expectedSubstring, String actualString) in /_/src/xunit.assert/Asserts/StringAsserts.cs:line 45\r\n   at TestLayer.Tests.LoginTests.<UC1_Login_EmptyCredentials_ShowsUsernameRequired>b__3_0() in C:\\Users\\alocomputers\\AT_FinalTask\\TestLayer\\Tests\\LoginTests.cs:line 37\r\n   at TestLayer.Fixtures.TestBase.ExecuteTest(Action testAction, String testName) in C:\\Users\\alocomputers\\AT_FinalTask\\TestLayer\\Fixtures\\TestBase.cs:line 28","TestName":"UC1_Login_EmptyCredentials_ShowsUsernameRequired","Screenshot":"C:\\Users\\alocomputers\\AT_FinalTask\\TestLayer\\bin\\Debug\\net9.0\\screenshots\\UC1_Login_EmptyCredentials_ShowsUsernameRequired_20251106_120321621.png","App":"SauceDemoTests"}
{"@t":"2025-11-06T12:04:12.0735298Z","@mt":"Test {TestName} failed, screenshot saved to {Screenshot}","@l":"Error","@x":"Xunit.Sdk.ContainsException: Assert.Contains() Failure: Sub-string not found\r\nString:    \"Epic sadface: Username and password do no\"···\r\nNot found: \"Epic sadface: Username is required\"\r\n   at Xunit.Assert.Contains(String expectedSubstring, String actualString, StringComparison comparisonType) in /_/src/xunit.assert/Asserts/StringAsserts.cs:line 66\r\n   at Xunit.Assert.Contains(String expectedSubstring, String actualString) in /_/src/xunit.assert/Asserts/StringAsserts.cs:line 45\r\n   at TestLayer.Tests.LoginTests.<UC1_Login_EmptyCredentials_ShowsUsernameRequired>b__3_0() in C:\\Users\\alocomputers\\AT_FinalTask\\TestLayer\\Tests\\LoginTests.cs:line 35\r\n   at TestLayer.Fixtures.TestBase.ExecuteTest(Action testAction, String testName) in C:\\Users\\alocomputers\\AT_FinalTask\\TestLayer\\Fixtures\\TestBase.cs:line 28","TestName":"UC1_Login_EmptyCredentials_ShowsUsernameRequired","Screenshot":"C:\\Users\\alocomputers\\AT_FinalTask\\TestLayer\\bin\\Debug\\net9.0\\screenshots\\UC1_Login_EmptyCredentials_ShowsUsernameRequired_20251106_120412007.png","App":"SauceDemoTests"}
{"@t":"2025-11-06T12:08:41.9230201Z","@mt":"Test {TestName} failed, screenshot saved to {Screenshot}","@l":"Error","@x":"OpenQA.Selenium.WebDriverException: invalid session id: session deleted as the browser has closed the connection\nfrom disconnected: not connected to DevTools\n  (Session info: chrome=142.0.7444.60)\r\n   at OpenQA.Selenium.WebDriver.UnpackAndThrowOnError(Response errorResponse, String commandToExecute)\r\n   at OpenQA.Selenium.WebDriver.ExecuteAsync(String driverCommandToExecute, Dictionary`2 parameters)\r\n   at OpenQA.Selenium.WebDriver.Execute(String driverCommandToExecute, Dictionary`2 parameters)\r\n   at OpenQA.Selenium.WebDriver.FindElement(String mechanism, String value)\r\n   at OpenQA.Selenium.By.<.ctor>b__6_0(ISearchContext context)\r\n   at OpenQA.Selenium.By.FindElement(ISearchContext context)\r\n   at OpenQA.Selenium.WebDriver.FindElement(By by)\r\n   at BusinessLayer.Pages.LoginPage.GetErrorMessage() in C:\\Users\\alocomputers\\AT_FinalTask\\BusinessLayer\\Pages\\LoginPage.cs:line 70\r\n   at TestLayer.Tests.LoginTests.<UC1_Login_EmptyCredentials_ShowsUsernameRequired>b__3_0() in C:\\Users\\alocomputers\\AT_FinalTask\\TestLayer\\Tests\\LoginTests.cs:line 33\r\n   at TestLayer.Fixtures.TestBase.ExecuteTest(Action testAction, String testName) in C:\\Users\\alocomputers\\AT_FinalTask\\TestLayer\\Fixtures\\TestBase.cs:line 28","TestName":"UC1_Login_EmptyCredentials_ShowsUsernameRequired","Screenshot":"","App":"SauceDemoTests"}
{"@t":"2025-11-06T12:09:44.7878788Z","@mt":"Test {TestName} failed, screenshot saved to {Screenshot}","@l":"Error","@x":"Xunit.Sdk.ContainsException: Assert.Contains() Failure: Sub-string not found\r\nString:    \"Epic sadface: Username and password do no\"···\r\nNot found: \"Epic sadface: Username is required\"\r\n   at Xunit.Assert.Contains(String expectedSubstring, String actualString, StringComparison comparisonType) in /_/src/xunit.assert/Asserts/StringAsserts.cs:line 66\r\n   at Xunit.Assert.Contains(String expectedSubstring, String actualString) in /_/src/xunit.assert/Asserts/StringAsserts.cs:line 45\r\n   at TestLayer.Tests.LoginTests.<UC1_Login_EmptyCredentials_ShowsUsernameRequired>b__3_0() in C:\\Users\\alocomputers\\AT_FinalTask\\TestLayer\\Tests\\LoginTests.cs:line 34\r\n   at TestLayer.Fixtures.TestBase.ExecuteTest(Action testAction, String testName) in C:\\Users\\alocomputers\\AT_FinalTask\\TestLayer\\Fixtures\\TestBase.cs:line 28","TestName":"UC1_Login_EmptyCredentials_ShowsUsernameRequired","Screenshot":"C:\\Users\\alocomputers\\AT_FinalTask\\TestLayer\\bin\\Debug\\net9.0\\screenshots\\UC1_Login_EmptyCredentials_ShowsUsernameRequired_20251106_120944718.png","App":"SauceDemoTests"}
{"@t":"2025-11-06T12:10:16.3475837Z","@mt":"Test {TestName} failed, screenshot saved to {Screenshot}","@l":"Error","@x":"Xunit.Sdk.ContainsException: Assert.Contains() Failure: Sub-string not found\r\nString:    \"Epic sadface: Username and password do no\"···\r\nNot found: \"Epic sadface: Username is required\"\r\n   at Xunit.Assert.Contains(String expectedSubstring, String actualString, StringComparison comparisonType) in /_/src/xunit.assert/Asserts/StringAsserts.cs:line 66\r\n   at Xunit.Assert.Contains(String expectedSubstring, String actualString) in /_/src/xunit.assert/Asserts/StringAsserts.cs:line 45\r\n   at TestLayer.Tests.LoginTests.<UC1_Login_EmptyCredentials_ShowsUsernameRequired>b__3_0() in C:\\Users\\alocomputers\\AT_FinalTask\\TestLayer\\Tests\\LoginTests.cs:line 34\r\n   at TestLayer.Fixtures.TestBase.ExecuteTest(Action testAction, String testName) in C:\\Users\\alocomputers\\AT_FinalTask\\TestLayer\\Fixtures\\TestBase.cs:line 28","TestName":"UC1_Login_EmptyCredentials_ShowsUsernameRequired","Screenshot":"C:\\Users\\alocomputers\\AT_FinalTask\\TestLayer\\bin\\Debug\\net9.0\\screenshots\\UC1_Login_EmptyCredentials_ShowsUsernameRequired_20251106_121016278.png","App":"SauceDemoTests"}
{"@t":"2025-11-06T12:11:19.9958790Z","@mt":"Test {TestName} failed, screenshot saved to {Screenshot}","@l":"Error","@x":"Xunit.Sdk.ContainsException: Assert.Contains() Failure: Sub-string not found\r\nString:    \"Epic sadface: Password is required\"\r\nNot found: \"Epic sadface: Username is required\"\r\n   at Xunit.Assert.Contains(String expectedSubstring, String actualString, StringComparison comparisonType) in /_/src/xunit.assert/Asserts/StringAsserts.cs:line 66\r\n   at Xunit.Assert.Contains(String expectedSubstring, String actualString) in /_/src/xunit.assert/Asserts/StringAsserts.cs:line 45\r\n   at TestLayer.Tests.LoginTests.<UC1_Login_EmptyCredentials_ShowsUsernameRequired>b__3_0() in C:\\Users\\alocomputers\\AT_FinalTask\\TestLayer\\Tests\\LoginTests.cs:line 34\r\n   at TestLayer.Fixtures.TestBase.ExecuteTest(Action testAction, String testName) in C:\\Users\\alocomputers\\AT_FinalTask\\TestLayer\\Fixtures\\TestBase.cs:line 28","TestName":"UC1_Login_EmptyCredentials_ShowsUsernameRequired","Screenshot":"C:\\Users\\alocomputers\\AT_FinalTask\\TestLayer\\bin\\Debug\\net9.0\\screenshots\\UC1_Login_EmptyCredentials_ShowsUsernameRequired_20251106_121119932.png","App":"SauceDemoTests"}
